<?xml version="1.0" encoding="utf-8"?><testsuites name="pytest tests"><testsuite name="pytest" errors="0" failures="0" skipped="0" tests="193" time="1.840" timestamp="2025-11-14T20:34:26.341890-05:00" hostname="Iberian-Wolf"><testcase classname="tests.test_api_admin_users.TestAdminUsersAPI" name="test_create_users_michael_jordan" time="0.010" /><testcase classname="tests.test_api_admin_users.TestAdminUsersAPI" name="test_create_users_incomplete_data_no_name" time="0.004" /><testcase classname="tests.test_api_admin_users.TestAdminUsersAPI" name="test_show_users_all" time="0.004" /><testcase classname="tests.test_api_admin_users.TestAdminUsersAPI" name="test_show_users_get_user_michael_jordan_by_name" time="0.004" /><testcase classname="tests.test_api_admin_users.TestAdminUsersAPI" name="test_show_users_get_non_existent_user_by_id" time="0.004" /><testcase classname="tests.test_api_admin_users.TestAdminUsersAPI" name="test_update_user_update_email_phone_number" time="0.004" /><testcase classname="tests.test_api_admin_users.TestAdminUsersAPI" name="test_update_user_id_not_exists" time="0.004" /><testcase classname="tests.test_api_admin_users.TestAdminUsersAPI" name="test_update_user_invalid_update_value_email" time="0.004" /><testcase classname="tests.test_api_admin_users.TestAdminUsersAPI" name="test_delete_user_michael_jordan_id_1" time="0.004" /><testcase classname="tests.test_api_admin_users.TestAdminUsersAPI" name="test_delete_user_internal_server_error" time="0.006" /><testcase classname="tests.test_api_admin_users.TestAdminUsersAPI" name="test_show_login_history_user_id_1" time="0.004" /><testcase classname="tests.test_api_admin_users.TestAdminUsersAPI" name="test_show_login_history_missing_user_id_value" time="0.004" /><testcase classname="tests.test_api_admin_users.TestAdminUsersAPI" name="test_show_invoices_all_success" time="0.004" /><testcase classname="tests.test_api_admin_users.TestAdminUsersAPI" name="test_show_invoices_by_user_id_10" time="0.004" /><testcase classname="tests.test_api_admin_users.TestAdminUsersAPI" name="test_show_invoices_invalid_column_failure" time="0.004" /><testcase classname="tests.test_api_admin_users.TestAdminUsersAPI" name="test_update_cart_invoice_new_quantity" time="0.006" /><testcase classname="tests.test_api_cart.TestAdminUsersAPI" name="test_for_create_and_fill_cart_1st_product_in_cart" time="0.004" /><testcase classname="tests.test_api_cart.TestAdminUsersAPI" name="test_create_and_fill_cart_no_quantity_given" time="0.002" /><testcase classname="tests.test_api_cart.TestAdminUsersAPI" name="test_show_actual_cart_with_pending_cart" time="0.003" /><testcase classname="tests.test_api_cart.TestAdminUsersAPI" name="test_show_actual_cart_without_pending_cart" time="0.003" /><testcase classname="tests.test_api_cart.TestAdminUsersAPI" name="test_update_quantity_item_success" time="0.003" /><testcase classname="tests.test_api_cart.TestAdminUsersAPI" name="test_update_quantity_item_invalid_column_statusx" time="0.003" /><testcase classname="tests.test_api_cart.TestAdminUsersAPI" name="test_delete_item_from_cart_success" time="0.004" /><testcase classname="tests.test_api_cart.TestAdminUsersAPI" name="test_delete_item_from_cart_product_not_found" time="0.003" /><testcase classname="tests.test_api_client_info.TestClientInfoApi" name="test_show_personal_info_success" time="0.003" /><testcase classname="tests.test_api_client_info.TestClientInfoApi" name="test_show_personal_info_invalid_column_value" time="0.004" /><testcase classname="tests.test_api_client_info.TestClientInfoApi" name="test_update_personal_info_integrity_error" time="0.005" /><testcase classname="tests.test_api_client_info.TestClientInfoApi" name="test_create_address_success" time="0.004" /><testcase classname="tests.test_api_client_info.TestClientInfoApi" name="test_create_address_integrity_error" time="0.004" /><testcase classname="tests.test_api_client_info.TestClientInfoApi" name="test_show_addresses_for_user_id_1" time="0.004" /><testcase classname="tests.test_api_client_info.TestClientInfoApi" name="test_show_addresses_failure_incomplete_query_params" time="0.004" /><testcase classname="tests.test_api_client_info.TestClientInfoApi" name="test_update_address_success" time="0.004" /><testcase classname="tests.test_api_client_info.TestClientInfoApi" name="test_update_address_not_found" time="0.004" /><testcase classname="tests.test_api_client_info.TestClientInfoApi" name="test_delete_address_success" time="0.006" /><testcase classname="tests.test_api_client_info.TestClientInfoApi" name="test_delete_address_wrong_search_column_idx" time="0.004" /><testcase classname="tests.test_api_client_info.TestClientInfoApi" name="test_delete_address_invalid_address_id" time="0.004" /><testcase classname="tests.test_api_invoice.TestInvoiceApi" name="test_create_invoice_success" time="0.003" /><testcase classname="tests.test_api_invoice.TestInvoiceApi" name="test_create_invoice_no_pending_cart" time="0.003" /><testcase classname="tests.test_api_invoice.TestInvoiceApi" name="test_create_invoice_empty_cart" time="0.003" /><testcase classname="tests.test_api_invoice.TestInvoiceApi" name="test_get_invoices_of_user_id_1" time="0.002" /><testcase classname="tests.test_api_invoice.TestInvoiceApi" name="test_get_invoices_get_invoice_id_100" time="0.003" /><testcase classname="tests.test_api_invoice.TestInvoiceApi" name="test_get_invoices_incomplete_search_info" time="0.002" /><testcase classname="tests.test_api_invoice.TestInvoiceApi" name="test_get_invoices_invalid_search_column" time="0.002" /><testcase classname="tests.test_api_login.TestLoginApi" name="test_register_a_client" time="0.003" /><testcase classname="tests.test_api_login.TestLoginApi" name="test_register_wrong_phone_number_type" time="0.003" /><testcase classname="tests.test_api_login.TestLoginApi" name="test_register_encode_failed" time="0.003" /><testcase classname="tests.test_api_login.TestLoginApi" name="test_login_administrator_success" time="0.003" /><testcase classname="tests.test_api_login.TestLoginApi" name="test_login_wrong_password" time="0.003" /><testcase classname="tests.test_api_login.TestLoginApi" name="test_login_missing_info" time="0.003" /><testcase classname="tests.test_api_login.TestLoginApi" name="test_me_token_verified" time="0.003" /><testcase classname="tests.test_api_login.TestLoginApi" name="test_me_no_token" time="0.002" /><testcase classname="tests.test_api_login.TestLoginApi" name="test_me_token_expired" time="0.002" /><testcase classname="tests.test_api_login.TestLoginApi" name="test_refresh_token_new_access_token_generate" time="0.002" /><testcase classname="tests.test_api_login.TestLoginApi" name="test_refresh_token_invalid_type_token" time="0.002" /><testcase classname="tests.test_api_products.TestProductApi" name="test_create_product_successful" time="0.003" /><testcase classname="tests.test_api_products.TestProductApi" name="test_create_product_sku_duplicate" time="0.003" /><testcase classname="tests.test_api_products.TestProductApi" name="test_show_products_id_1" time="0.003" /><testcase classname="tests.test_api_products.TestProductApi" name="test_show_products_wrong_query_parameter_idx" time="0.003" /><testcase classname="tests.test_api_products.TestProductApi" name="test_show_products_no_search_id_value" time="0.003" /><testcase classname="tests.test_api_products.TestProductApi" name="test_update_product_stock_id_1" time="0.003" /><testcase classname="tests.test_api_products.TestProductApi" name="test_update_product_SKU_value" time="0.003" /><testcase classname="tests.test_api_products.TestProductApi" name="test_delete_product_id_1" time="0.003" /><testcase classname="tests.test_cache_manager.TestCacheManager" name="test_set_data_with_ttl" time="0.001" /><testcase classname="tests.test_cache_manager.TestCacheManager" name="test_set_data_redis_failed_with_ttl" time="0.001" /><testcase classname="tests.test_cache_manager.TestCacheManager" name="test_get_data_with_existing_key" time="0.001" /><testcase classname="tests.test_cache_manager.TestCacheManager" name="test_get_data_redis_error" time="0.001" /><testcase classname="tests.test_cache_manager.TestCacheManager" name="test_delete_with_pattern_product" time="0.001" /><testcase classname="tests.test_cache_manager.TestCacheManager" name="test_delete_with_pattern_no_matches" time="0.001" /><testcase classname="tests.test_cache_manager.TestCacheManager" name="test_invalidate_cache_by_id_for_single_key" time="0.002" /><testcase classname="tests.test_cache_manager.TestCacheManager" name="test_invalidate_cache_by_id_redis_error" time="0.001" /><testcase classname="tests.test_cache_manager.TestCacheManager" name="test_id_caching_key_found" time="0.001" /><testcase classname="tests.test_cache_manager.TestCacheManager" name="test_id_caching_not_in_cache" time="0.001" /><testcase classname="tests.test_cache_manager.TestCacheManager" name="test_cache_pagination_negative_page_number" time="0.001" /><testcase classname="tests.test_cache_manager.TestCacheManager" name="test_cache_pagination_page_five" time="0.001" /><testcase classname="tests.test_cache_manager.TestCacheManager" name="test_generate_all_cache_key_products_key" time="0.000" /><testcase classname="tests.test_cache_manager.TestCacheManager" name="test_get_and_caching_by_page" time="0.001" /><testcase classname="tests.test_cache_manager.TestCacheManager" name="test_get_and_caching_empty_column" time="0.001" /><testcase classname="tests.test_cache_redis_connection.TestRedisConnection" name="test_connect_success" time="0.002" /><testcase classname="tests.test_cache_redis_connection.TestRedisConnection" name="test_connect_failure" time="0.002" /><testcase classname="tests.test_cache_redis_connection.TestRedisConnection" name="test_get_client_success" time="0.002" /><testcase classname="tests.test_db_connection.TestDataBaseConnection" name="test_db_connection_successful" time="0.002" /><testcase classname="tests.test_db_connection.TestDataBaseConnection" name="test_db_connection_failure" time="0.001" /><testcase classname="tests.test_db_model.TestSchema" name="test_schema_creation_success" time="0.001" /><testcase classname="tests.test_db_model.TestSchema" name="test_schema_creation_already_exists" time="0.002" /><testcase classname="tests.test_db_model.TestProductsModel" name="test_table_metadata" time="0.000" /><testcase classname="tests.test_db_model.TestProductsModel" name="test_products_columns_definition" time="0.000" /><testcase classname="tests.test_db_model.TestProductsModel" name="test_products_constraints" time="0.000" /><testcase classname="tests.test_db_model.TestProductsModel" name="test_enum_species_type" time="0.000" /><testcase classname="tests.test_decorator_authenticator.TestDecoratorAuthenticator" name="test_me_valid_access_token" time="0.002" /><testcase classname="tests.test_decorator_authenticator.TestDecoratorAuthenticator" name="test_me_refresh_token" time="0.002" /><testcase classname="tests.test_decorator_authenticator.TestDecoratorAuthenticator" name="test_me_no_token" time="0.001" /><testcase classname="tests.test_decorator_authenticator.TestDecoratorAuthenticator" name="test_client_only_success" time="0.002" /><testcase classname="tests.test_decorator_authenticator.TestDecoratorAuthenticator" name="test_client_only_exception" time="0.001" /><testcase classname="tests.test_jwt_manager.TestJWT_Manager" name="test_encode_access_token_success" time="0.088" /><testcase classname="tests.test_jwt_manager.TestJWT_Manager" name="test_encode_refresh_token_success" time="0.054" /><testcase classname="tests.test_jwt_manager.TestJWT_Manager" name="test_decode_valid_token" time="0.059" /><testcase classname="tests.test_jwt_manager.TestJWT_Manager" name="test_decode_expired_token" time="0.040" /><testcase classname="tests.test_orms_queries.TestQueryFunctions" name="test_single_insert_basic" time="0.002" /><testcase classname="tests.test_orms_queries.TestQueryFunctions" name="test_single_insert_integrity_error" time="0.002" /><testcase classname="tests.test_orms_queries.TestQueryFunctions" name="test_single_insert_programming_error" time="0.002" /><testcase classname="tests.test_orms_queries.TestQueryFunctions" name="test_whole_table_select_basic" time="0.002" /><testcase classname="tests.test_orms_queries.TestQueryFunctions" name="test_whole_table_select_operational_error" time="0.002" /><testcase classname="tests.test_orms_queries.TestQueryFunctions" name="test_single_update_price" time="0.003" /><testcase classname="tests.test_orms_queries.TestQueryFunctions" name="test_single_delete_by_id" time="0.032" /><testcase classname="tests.test_orms_queries.TestQueryFunctions" name="test_whole_table_select__sqlalchemy_error" time="0.002" /><testcase classname="tests.test_repository_carts.TestCartsRepository" name="test_new_cart_succesful_create" time="0.001" /><testcase classname="tests.test_repository_carts.TestCartsRepository" name="test_new_cart_no_id_neccesary" time="0.001" /><testcase classname="tests.test_repository_carts.TestCartsRepository" name="test_show_cart_succesful_read" time="0.001" /><testcase classname="tests.test_repository_carts.TestCartsRepository" name="test_show_cart_database_error" time="0.001" /><testcase classname="tests.test_repository_carts.TestCartsRepository" name="test_update_cart_change_status" time="0.001" /><testcase classname="tests.test_repository_carts.TestCartsRepository" name="test_update_cart_invalid_search_value" time="0.001" /><testcase classname="tests.test_repository_carts.TestCartsRepository" name="test_delete_cart_successful" time="0.001" /><testcase classname="tests.test_repository_carts.TestCartsRepository" name="test_delete_cart_invalid_search_column" time="0.001" /><testcase classname="tests.test_repository_invoice_details.TestInvoiceDetailsRepository" name="test_new_invoice_details_succesful_create" time="0.001" /><testcase classname="tests.test_repository_invoice_details.TestInvoiceDetailsRepository" name="test_new_invoice_detail_incomplete_info" time="0.001" /><testcase classname="tests.test_repository_invoice_details.TestInvoiceDetailsRepository" name="test_get_invoice_detail_by_value_id" time="0.001" /><testcase classname="tests.test_repository_invoice_details.TestInvoiceDetailsRepository" name="test_get_invoice_detail_by_value_programming_error" time="0.001" /><testcase classname="tests.test_repository_invoice_details.TestInvoiceDetailsRepository" name="test_update_invoice_detail_change_quantity" time="0.001" /><testcase classname="tests.test_repository_invoice_details.TestInvoiceDetailsRepository" name="test_update_cart_invalid_search_column" time="0.001" /><testcase classname="tests.test_repository_invoice_details.TestInvoiceDetailsRepository" name="test_delete_invoice_detail_by_id" time="0.001" /><testcase classname="tests.test_repository_invoice_details.TestInvoiceDetailsRepository" name="test_delete_invoice_detail_invalid_search_id" time="0.001" /><testcase classname="tests.test_repository_invoices.TestInvoicesRepository" name="test_format_invoice" time="0.001" /><testcase classname="tests.test_repository_invoices.TestInvoicesRepository" name="test_new_invoice_succesful_create" time="0.001" /><testcase classname="tests.test_repository_invoices.TestInvoicesRepository" name="test_new_invoice_incomplete_info" time="0.001" /><testcase classname="tests.test_repository_invoices.TestInvoicesRepository" name="test_create_full_invoice_succesful_created" time="0.001" /><testcase classname="tests.test_repository_invoices.TestInvoicesRepository" name="test_create_full_invoice_invalid_discount_rate" time="0.001" /><testcase classname="tests.test_repository_invoices.TestInvoicesRepository" name="test_show_invoices_succesful_read" time="0.001" /><testcase classname="tests.test_repository_invoices.TestInvoicesRepository" name="test_show_invoices_empty_table" time="0.001" /><testcase classname="tests.test_repository_invoices.TestInvoicesRepository" name="test_delete_invoice_invalid_search_column" time="0.001" /><testcase classname="tests.test_repository_login_history.TestLoginHistoryRepository" name="test_insert_login_history_success" time="0.001" /><testcase classname="tests.test_repository_login_history.TestLoginHistoryRepository" name="test_insert_login_history_integrity_error" time="0.001" /><testcase classname="tests.test_repository_login_history.TestLoginHistoryRepository" name="test_login_status_verifcation_wrong_id" time="0.001" /><testcase classname="tests.test_repository_login_history.TestLoginHistoryRepository" name="test_login_status_verification_wrong_password" time="0.001" /><testcase classname="tests.test_repository_login_history.TestLoginHistoryRepository" name="test_login_status_verification_successful_login" time="0.001" /><testcase classname="tests.test_repository_login_history.TestLoginHistoryRepository" name="test_get_login_history_by_value_user_id" time="0.001" /><testcase classname="tests.test_repository_login_history.TestLoginHistoryRepository" name="test_get_login_history_by_value_no_results_for_id" time="0.001" /><testcase classname="tests.test_repository_products.TestProductsRepository" name="test_insert_many_products_successful" time="0.001" /><testcase classname="tests.test_repository_products.TestProductsRepository" name="test_insert_many_products_integrity_error" time="0.001" /><testcase classname="tests.test_repository_products.TestProductsRepository" name="test_get_all_products_cache_success" time="0.001" /><testcase classname="tests.test_repository_products.TestProductsRepository" name="test_get_all_products_cache_sqlalchemy_error" time="0.001" /><testcase classname="tests.test_repository_products.TestProductsRepository" name="test_get_product_max_id_successful" time="0.001" /><testcase classname="tests.test_repository_products.TestProductsRepository" name="test_get_product_max_id_operational_error" time="0.001" /><testcase classname="tests.test_repository_products.TestProductsRepository" name="test_update_product_successfully_stock" time="0.001" /><testcase classname="tests.test_repository_products.TestProductsRepository" name="test_update_product_invalid_search_column" time="0.001" /><testcase classname="tests.test_repository_products_in_cart.TestProductsInCartRepository" name="test_new_product_in_cart_successful_inserted" time="0.001" /><testcase classname="tests.test_repository_products_in_cart.TestProductsInCartRepository" name="test_new_product_in_cart_incomplete_info" time="0.001" /><testcase classname="tests.test_repository_products_in_cart.TestProductsInCartRepository" name="test_update_product_in_cart" time="0.001" /><testcase classname="tests.test_repository_products_in_cart.TestProductsInCartRepository" name="test_update_product_in_cart_invalid_search_column" time="0.001" /><testcase classname="tests.test_repository_products_in_cart.TestProductsInCartRepository" name="test_update_product_in_cart_invalid_update_column" time="0.001" /><testcase classname="tests.test_repository_products_in_cart.TestProductsInCartRepository" name="test_delete_invoice_detail_invalid_search_id" time="0.001" /><testcase classname="tests.test_repository_shipping_addresses.TestShippingAddressesRepository" name="test_insert_address_successful" time="0.001" /><testcase classname="tests.test_repository_shipping_addresses.TestShippingAddressesRepository" name="test_insert_address_incomplete_info" time="0.001" /><testcase classname="tests.test_repository_shipping_addresses.TestShippingAddressesRepository" name="test_get_address_by_two_values_by_id_and_user_id" time="0.002" /><testcase classname="tests.test_repository_shipping_addresses.TestShippingAddressesRepository" name="test_get_address_by_two_values_search_column_idx" time="0.001" /><testcase classname="tests.test_repository_shipping_addresses.TestShippingAddressesRepository" name="test_update_address_province" time="0.001" /><testcase classname="tests.test_repository_shipping_addresses.TestShippingAddressesRepository" name="test_update_address_integrity_error" time="0.001" /><testcase classname="tests.test_repository_shipping_addresses.TestShippingAddressesRepository" name="test_delete_address_success" time="0.001" /><testcase classname="tests.test_repository_shipping_addresses.TestShippingAddressesRepository" name="test_delete_address_invalid_search_column" time="0.001" /><testcase classname="tests.test_repository_shipping_addresses.TestShippingAddressesRepository" name="test_delete_address_invalid_search_value_string" time="0.001" /><testcase classname="tests.test_repository_users.TestUsersRepository" name="test_user_register_new_client" time="0.001" /><testcase classname="tests.test_repository_users.TestUsersRepository" name="test_user_register_id_in_user_data" time="0.001" /><testcase classname="tests.test_repository_users.TestUsersRepository" name="test_user_register_role_in_user_data" time="0.001" /><testcase classname="tests.test_repository_users.TestUsersRepository" name="test_get_user_by_value_for_api_id_1" time="0.001" /><testcase classname="tests.test_repository_users.TestUsersRepository" name="test_get_user_by_value_for_api_invalid_email" time="0.001" /><testcase classname="tests.test_repository_users.TestUsersRepository" name="test_get_user_by_value_for_api_invalid_idx_search_column" time="0.001" /><testcase classname="tests.test_repository_users.TestUsersRepository" name="test_get_user_by_credentials_for_michael_jordan" time="0.001" /><testcase classname="tests.test_repository_users.TestUsersRepository" name="test_get_user_by_credentials_invalid_column_id" time="0.001" /><testcase classname="tests.test_repository_users.TestUsersRepository" name="test_update_user_success_phone_number_updated" time="0.001" /><testcase classname="tests.test_repository_users.TestUsersRepository" name="test_update_user_invalid_update_column_id" time="0.001" /><testcase classname="tests.test_repository_users.TestUsersRepository" name="test_update_user_programming_error" time="0.001" /><testcase classname="tests.test_transactions.TestTransactions" name="test_update_take_from_stock_a_product" time="0.001" /><testcase classname="tests.test_transactions.TestTransactions" name="test_update_take_from_stock_insufficient_stock" time="0.001" /><testcase classname="tests.test_transactions.TestTransactions" name="test_stock_logic_negative_quantity" time="0.001" /><testcase classname="tests.test_transactions.TestTransactions" name="test_stock_logic_same_quantity" time="0.001" /><testcase classname="tests.test_transactions.TestTransactions" name="test_stock_logic_remove_from_cart" time="0.001" /><testcase classname="tests.test_transactions.TestTransactions" name="test_stock_logic_increase_quantity" time="0.001" /><testcase classname="tests.test_transactions.TestTransactions" name="test_stock_logic_decrease_quantity" time="0.001" /><testcase classname="tests.test_transactions.TestTransactions" name="test_calculate_item_total_of_one_item" time="0.001" /><testcase classname="tests.test_transactions.TestTransactions" name="test_calculate_invoice_subtotal_multiple_items" time="0.001" /><testcase classname="tests.test_transactions.TestTransactions" name="test_calculate_discount_negative_rate" time="0.000" /><testcase classname="tests.test_transactions.TestTransactions" name="test_calculate_discount_valid_rate" time="0.000" /><testcase classname="tests.test_transactions.TestTransactions" name="test_calculate_shipping_cost_invalid_method" time="0.000" /><testcase classname="tests.test_transactions.TestTransactions" name="test_calculate_shipping_cost_valid_method" time="0.000" /><testcase classname="tests.test_transactions.TestTransactions" name="test_calculate_invoice_total_with_discount_amount" time="0.000" /><testcase classname="tests.test_validations.TestValidations" name="test_valid_columns_with_valid_column" time="0.000" /><testcase classname="tests.test_validations.TestValidations" name="test_valid_columns_with_invalid_column" time="0.001" /><testcase classname="tests.test_validations.TestValidations" name="test_complete_info_with_all_required_fields" time="0.000" /><testcase classname="tests.test_validations.TestValidations" name="test_complete_info_with_missing_field" time="0.000" /><testcase classname="tests.test_validations.TestValidations" name="test_not_need_value_field_not_present" time="0.000" /><testcase classname="tests.test_validations.TestValidations" name="test_not_need_value_field_present" time="0.001" /><testcase classname="tests.test_validations.TestValidations" name="test_valid_float_multiple_values" time="0.000" /><testcase classname="tests.test_validations.TestValidations" name="test_valid_float_with_integer" time="0.000" /><testcase classname="tests.test_validations.TestValidations" name="test_valid_float_with_string" time="0.001" /></testsuite></testsuites>